<!DOCTYPE html PUBLIC "-//W3C//DTD XHTML 1.1//EN" "http://www.w3.org/TR/xhtml11/DTD/xhtml11.dtd">
<html xmlns="http://www.w3.org/1999/xhtml">
<head>
<meta http-equiv="content-type" content="text/html; charset=UTF-8"/>
<title>TestNG Report</title>
<style type="text/css">table {margin-bottom:10px;border-collapse:collapse;empty-cells:show}th,td {border:1px solid #009;padding:.25em .5em}th {vertical-align:bottom}td {vertical-align:top}table a {font-weight:bold}.stripe td {background-color: #E6EBF9}.num {text-align:right}.passedodd td {background-color: #3F3}.passedeven td {background-color: #0A0}.skippedodd td {background-color: #DDD}.skippedeven td {background-color: #CCC}.failedodd td,.attn {background-color: #F33}.failedeven td,.stripe .attn {background-color: #D00}.stacktrace {white-space:pre;font-family:monospace}.totop {font-size:85%;text-align:center;border-bottom:2px solid #000}.invisible {display:none}</style>
</head>
<body>
<table>
<tr><th>Test</th><th># Passed</th><th># Skipped</th><th># Failed</th><th>Time (ms)</th><th>Included Groups</th><th>Excluded Groups</th></tr>
<tr><th colspan="7">Debyt</th></tr>
<tr><td><a href="#t0">Debyt automation</a></td><td class="num">0</td><td class="num attn">5</td><td class="num">0</td><td class="num">3,972</td><td></td><td></td></tr>
</table>
<table id='summary'><thead><tr><th>Class</th><th>Method</th><th>Start</th><th>Time (ms)</th></tr></thead><tbody><tr><th colspan="4">Debyt</th></tr></tbody><tbody id="t0"><tr><th colspan="4">Debyt automation &#8212; failed (configuration methods)</th></tr><tr class="failedeven"><td rowspan="1">com.debyt.testCases.TC_Signup_3_DDT</td><td><a href="#m0">setup</a></td><td rowspan="1">1591789767448</td><td rowspan="1">134</td></tr><tr class="failedodd"><td rowspan="1">com.debyt.testCases.TC_Signup_4_DDT</td><td><a href="#m1">setup</a></td><td rowspan="1">1591789769586</td><td rowspan="1">17</td></tr><tr class="failedeven"><td rowspan="1">com.debyt.testCases.TC_Signup_5_DDT</td><td><a href="#m2">setup</a></td><td rowspan="1">1591789770353</td><td rowspan="1">10</td></tr><tr class="failedodd"><td rowspan="1">com.debyt.testCases.TC_Signup_6_DDT</td><td><a href="#m3">setup</a></td><td rowspan="1">1591789770772</td><td rowspan="1">8</td></tr><tr><th colspan="4">Debyt automation &#8212; skipped (configuration methods)</th></tr><tr class="skippedeven"><td rowspan="1">com.debyt.testCases.TC_Signup_3_DDT</td><td><a href="#m4">teardown</a></td><td rowspan="1">1591789769583</td><td rowspan="1">0</td></tr><tr class="skippedodd"><td rowspan="1">com.debyt.testCases.TC_Signup_4_DDT</td><td><a href="#m5">teardown</a></td><td rowspan="1">1591789770351</td><td rowspan="1">0</td></tr><tr class="skippedeven"><td rowspan="1">com.debyt.testCases.TC_Signup_5_DDT</td><td><a href="#m6">teardown</a></td><td rowspan="1">1591789770768</td><td rowspan="1">0</td></tr><tr class="skippedodd"><td rowspan="1">com.debyt.testCases.TC_Signup_6_DDT</td><td><a href="#m7">teardown</a></td><td rowspan="1">1591789771083</td><td rowspan="1">0</td></tr><tr><th colspan="4">Debyt automation &#8212; skipped</th></tr><tr class="skippedeven"><td rowspan="2">com.debyt.testCases.TC_Signup_3_DDT</td><td><a href="#m8">compdetailData</a></td><td rowspan="1">1591789769576</td><td rowspan="1">0</td></tr><tr class="skippedeven"><td><a href="#m9">signupStep3</a></td><td rowspan="1">1591789769213</td><td rowspan="1">0</td></tr><tr class="skippedodd"><td rowspan="1">com.debyt.testCases.TC_Signup_4_DDT</td><td><a href="#m10">signupStep4</a></td><td rowspan="1">1591789770343</td><td rowspan="1">0</td></tr><tr class="skippedeven"><td rowspan="1">com.debyt.testCases.TC_Signup_5_DDT</td><td><a href="#m11">signupStep4</a></td><td rowspan="1">1591789770760</td><td rowspan="1">0</td></tr><tr class="skippedodd"><td rowspan="1">com.debyt.testCases.TC_Signup_6_DDT</td><td><a href="#m12">signupStep4</a></td><td rowspan="1">1591789771080</td><td rowspan="1">0</td></tr></tbody>
</table>
<h2>Debyt automation</h2><h3 id="m0">com.debyt.testCases.TC_Signup_3_DDT#setup</h3><table class="result"><tr class="param"><th>Parameter #1</th></tr><tr class="param stripe"><td>chrome</td></tr><tr><th>Exception</th></tr><tr><td><div class="stacktrace">java.lang.IllegalStateException: The driver executable does not exist: D:\Users\KoderLabs\git\Debyt\Debyt\.\Drivers\chromedriver.exe 
	at com.google.common.base.Preconditions.checkState(Preconditions.java:585)
	at org.openqa.selenium.remote.service.DriverService.checkExecutable(DriverService.java:146)
	at org.openqa.selenium.remote.service.DriverService.findExecutable(DriverService.java:141)
	at org.openqa.selenium.chrome.ChromeDriverService.access$000(ChromeDriverService.java:35)
	at org.openqa.selenium.chrome.ChromeDriverService$Builder.findDefaultExecutable(ChromeDriverService.java:159)
	at org.openqa.selenium.remote.service.DriverService$Builder.build(DriverService.java:355)
	at org.openqa.selenium.chrome.ChromeDriverService.createDefaultService(ChromeDriverService.java:94)
	at org.openqa.selenium.chrome.ChromeDriver.&lt;init&gt;(ChromeDriver.java:123)
	at com.debyt.testCases.BaseClass.setup(BaseClass.java:50)
... Removed 26 stack frames</div></td></tr></table><p class="totop"><a href="#summary">back to summary</a></p>
<h3 id="m1">com.debyt.testCases.TC_Signup_4_DDT#setup</h3><table class="result"><tr class="param"><th>Parameter #1</th></tr><tr class="param stripe"><td>chrome</td></tr><tr><th>Exception</th></tr><tr><td><div class="stacktrace">java.lang.IllegalStateException: The driver executable does not exist: D:\Users\KoderLabs\git\Debyt\Debyt\.\Drivers\chromedriver.exe 
	at com.google.common.base.Preconditions.checkState(Preconditions.java:585)
	at org.openqa.selenium.remote.service.DriverService.checkExecutable(DriverService.java:146)
	at org.openqa.selenium.remote.service.DriverService.findExecutable(DriverService.java:141)
	at org.openqa.selenium.chrome.ChromeDriverService.access$000(ChromeDriverService.java:35)
	at org.openqa.selenium.chrome.ChromeDriverService$Builder.findDefaultExecutable(ChromeDriverService.java:159)
	at org.openqa.selenium.remote.service.DriverService$Builder.build(DriverService.java:355)
	at org.openqa.selenium.chrome.ChromeDriverService.createDefaultService(ChromeDriverService.java:94)
	at org.openqa.selenium.chrome.ChromeDriver.&lt;init&gt;(ChromeDriver.java:123)
	at com.debyt.testCases.BaseClass.setup(BaseClass.java:50)
... Removed 26 stack frames</div></td></tr></table><p class="totop"><a href="#summary">back to summary</a></p>
<h3 id="m2">com.debyt.testCases.TC_Signup_5_DDT#setup</h3><table class="result"><tr class="param"><th>Parameter #1</th></tr><tr class="param stripe"><td>chrome</td></tr><tr><th>Exception</th></tr><tr><td><div class="stacktrace">java.lang.IllegalStateException: The driver executable does not exist: D:\Users\KoderLabs\git\Debyt\Debyt\.\Drivers\chromedriver.exe 
	at com.google.common.base.Preconditions.checkState(Preconditions.java:585)
	at org.openqa.selenium.remote.service.DriverService.checkExecutable(DriverService.java:146)
	at org.openqa.selenium.remote.service.DriverService.findExecutable(DriverService.java:141)
	at org.openqa.selenium.chrome.ChromeDriverService.access$000(ChromeDriverService.java:35)
	at org.openqa.selenium.chrome.ChromeDriverService$Builder.findDefaultExecutable(ChromeDriverService.java:159)
	at org.openqa.selenium.remote.service.DriverService$Builder.build(DriverService.java:355)
	at org.openqa.selenium.chrome.ChromeDriverService.createDefaultService(ChromeDriverService.java:94)
	at org.openqa.selenium.chrome.ChromeDriver.&lt;init&gt;(ChromeDriver.java:123)
	at com.debyt.testCases.BaseClass.setup(BaseClass.java:50)
... Removed 26 stack frames</div></td></tr></table><p class="totop"><a href="#summary">back to summary</a></p>
<h3 id="m3">com.debyt.testCases.TC_Signup_6_DDT#setup</h3><table class="result"><tr class="param"><th>Parameter #1</th></tr><tr class="param stripe"><td>chrome</td></tr><tr><th>Exception</th></tr><tr><td><div class="stacktrace">java.lang.IllegalStateException: The driver executable does not exist: D:\Users\KoderLabs\git\Debyt\Debyt\.\Drivers\chromedriver.exe 
	at com.google.common.base.Preconditions.checkState(Preconditions.java:585)
	at org.openqa.selenium.remote.service.DriverService.checkExecutable(DriverService.java:146)
	at org.openqa.selenium.remote.service.DriverService.findExecutable(DriverService.java:141)
	at org.openqa.selenium.chrome.ChromeDriverService.access$000(ChromeDriverService.java:35)
	at org.openqa.selenium.chrome.ChromeDriverService$Builder.findDefaultExecutable(ChromeDriverService.java:159)
	at org.openqa.selenium.remote.service.DriverService$Builder.build(DriverService.java:355)
	at org.openqa.selenium.chrome.ChromeDriverService.createDefaultService(ChromeDriverService.java:94)
	at org.openqa.selenium.chrome.ChromeDriver.&lt;init&gt;(ChromeDriver.java:123)
	at com.debyt.testCases.BaseClass.setup(BaseClass.java:50)
... Removed 26 stack frames</div></td></tr></table><p class="totop"><a href="#summary">back to summary</a></p>
<h3 id="m4">com.debyt.testCases.TC_Signup_3_DDT#teardown</h3><table class="result"><tr><th class="invisible"/></tr></table><p class="totop"><a href="#summary">back to summary</a></p>
<h3 id="m5">com.debyt.testCases.TC_Signup_4_DDT#teardown</h3><table class="result"><tr><th class="invisible"/></tr></table><p class="totop"><a href="#summary">back to summary</a></p>
<h3 id="m6">com.debyt.testCases.TC_Signup_5_DDT#teardown</h3><table class="result"><tr><th class="invisible"/></tr></table><p class="totop"><a href="#summary">back to summary</a></p>
<h3 id="m7">com.debyt.testCases.TC_Signup_6_DDT#teardown</h3><table class="result"><tr><th class="invisible"/></tr></table><p class="totop"><a href="#summary">back to summary</a></p>
<h3 id="m8">com.debyt.testCases.TC_Signup_3_DDT#compdetailData</h3><table class="result"><tr><th>Exception</th></tr><tr><td><div class="stacktrace">java.lang.IllegalStateException: The driver executable does not exist: D:\Users\KoderLabs\git\Debyt\Debyt\.\Drivers\chromedriver.exe 
	at com.google.common.base.Preconditions.checkState(Preconditions.java:585)
	at org.openqa.selenium.remote.service.DriverService.checkExecutable(DriverService.java:146)
	at org.openqa.selenium.remote.service.DriverService.findExecutable(DriverService.java:141)
	at org.openqa.selenium.chrome.ChromeDriverService.access$000(ChromeDriverService.java:35)
	at org.openqa.selenium.chrome.ChromeDriverService$Builder.findDefaultExecutable(ChromeDriverService.java:159)
	at org.openqa.selenium.remote.service.DriverService$Builder.build(DriverService.java:355)
	at org.openqa.selenium.chrome.ChromeDriverService.createDefaultService(ChromeDriverService.java:94)
	at org.openqa.selenium.chrome.ChromeDriver.&lt;init&gt;(ChromeDriver.java:123)
	at com.debyt.testCases.BaseClass.setup(BaseClass.java:50)
... Removed 26 stack frames</div></td></tr></table><p class="totop"><a href="#summary">back to summary</a></p>
<h3 id="m9">com.debyt.testCases.TC_Signup_3_DDT#signupStep3</h3><table class="result"><tr><th>Exception</th></tr><tr><td><div class="stacktrace">java.lang.IllegalStateException: The driver executable does not exist: D:\Users\KoderLabs\git\Debyt\Debyt\.\Drivers\chromedriver.exe 
	at com.google.common.base.Preconditions.checkState(Preconditions.java:585)
	at org.openqa.selenium.remote.service.DriverService.checkExecutable(DriverService.java:146)
	at org.openqa.selenium.remote.service.DriverService.findExecutable(DriverService.java:141)
	at org.openqa.selenium.chrome.ChromeDriverService.access$000(ChromeDriverService.java:35)
	at org.openqa.selenium.chrome.ChromeDriverService$Builder.findDefaultExecutable(ChromeDriverService.java:159)
	at org.openqa.selenium.remote.service.DriverService$Builder.build(DriverService.java:355)
	at org.openqa.selenium.chrome.ChromeDriverService.createDefaultService(ChromeDriverService.java:94)
	at org.openqa.selenium.chrome.ChromeDriver.&lt;init&gt;(ChromeDriver.java:123)
	at com.debyt.testCases.BaseClass.setup(BaseClass.java:50)
... Removed 26 stack frames</div></td></tr></table><p class="totop"><a href="#summary">back to summary</a></p>
<h3 id="m10">com.debyt.testCases.TC_Signup_4_DDT#signupStep4</h3><table class="result"><tr><th>Exception</th></tr><tr><td><div class="stacktrace">java.lang.IllegalStateException: The driver executable does not exist: D:\Users\KoderLabs\git\Debyt\Debyt\.\Drivers\chromedriver.exe 
	at com.google.common.base.Preconditions.checkState(Preconditions.java:585)
	at org.openqa.selenium.remote.service.DriverService.checkExecutable(DriverService.java:146)
	at org.openqa.selenium.remote.service.DriverService.findExecutable(DriverService.java:141)
	at org.openqa.selenium.chrome.ChromeDriverService.access$000(ChromeDriverService.java:35)
	at org.openqa.selenium.chrome.ChromeDriverService$Builder.findDefaultExecutable(ChromeDriverService.java:159)
	at org.openqa.selenium.remote.service.DriverService$Builder.build(DriverService.java:355)
	at org.openqa.selenium.chrome.ChromeDriverService.createDefaultService(ChromeDriverService.java:94)
	at org.openqa.selenium.chrome.ChromeDriver.&lt;init&gt;(ChromeDriver.java:123)
	at com.debyt.testCases.BaseClass.setup(BaseClass.java:50)
... Removed 26 stack frames</div></td></tr></table><p class="totop"><a href="#summary">back to summary</a></p>
<h3 id="m11">com.debyt.testCases.TC_Signup_5_DDT#signupStep4</h3><table class="result"><tr><th>Exception</th></tr><tr><td><div class="stacktrace">java.lang.IllegalStateException: The driver executable does not exist: D:\Users\KoderLabs\git\Debyt\Debyt\.\Drivers\chromedriver.exe 
	at com.google.common.base.Preconditions.checkState(Preconditions.java:585)
	at org.openqa.selenium.remote.service.DriverService.checkExecutable(DriverService.java:146)
	at org.openqa.selenium.remote.service.DriverService.findExecutable(DriverService.java:141)
	at org.openqa.selenium.chrome.ChromeDriverService.access$000(ChromeDriverService.java:35)
	at org.openqa.selenium.chrome.ChromeDriverService$Builder.findDefaultExecutable(ChromeDriverService.java:159)
	at org.openqa.selenium.remote.service.DriverService$Builder.build(DriverService.java:355)
	at org.openqa.selenium.chrome.ChromeDriverService.createDefaultService(ChromeDriverService.java:94)
	at org.openqa.selenium.chrome.ChromeDriver.&lt;init&gt;(ChromeDriver.java:123)
	at com.debyt.testCases.BaseClass.setup(BaseClass.java:50)
... Removed 26 stack frames</div></td></tr></table><p class="totop"><a href="#summary">back to summary</a></p>
<h3 id="m12">com.debyt.testCases.TC_Signup_6_DDT#signupStep4</h3><table class="result"><tr><th>Exception</th></tr><tr><td><div class="stacktrace">java.lang.IllegalStateException: The driver executable does not exist: D:\Users\KoderLabs\git\Debyt\Debyt\.\Drivers\chromedriver.exe 
	at com.google.common.base.Preconditions.checkState(Preconditions.java:585)
	at org.openqa.selenium.remote.service.DriverService.checkExecutable(DriverService.java:146)
	at org.openqa.selenium.remote.service.DriverService.findExecutable(DriverService.java:141)
	at org.openqa.selenium.chrome.ChromeDriverService.access$000(ChromeDriverService.java:35)
	at org.openqa.selenium.chrome.ChromeDriverService$Builder.findDefaultExecutable(ChromeDriverService.java:159)
	at org.openqa.selenium.remote.service.DriverService$Builder.build(DriverService.java:355)
	at org.openqa.selenium.chrome.ChromeDriverService.createDefaultService(ChromeDriverService.java:94)
	at org.openqa.selenium.chrome.ChromeDriver.&lt;init&gt;(ChromeDriver.java:123)
	at com.debyt.testCases.BaseClass.setup(BaseClass.java:50)
... Removed 26 stack frames</div></td></tr></table><p class="totop"><a href="#summary">back to summary</a></p>
</body>
</html>
